{
  "RSpec": {
    "coverage": {
      "/home/Jose_Melero/tic-tac-toe-rb-online-web-sp-000/lib/tic_tac_toe.rb": [
        1,
        24,
        24,
        24,
        24,
        24,
        null,
        null,
        1,
        23,
        null,
        null,
        1,
        22,
        null,
        null,
        1,
        0,
        null,
        null,
        1,
        23,
        null,
        null,
        null,
        1,
        21,
        21,
        189,
        31,
        null,
        null,
        21,
        null,
        null,
        1,
        20,
        20,
        14,
        null,
        6,
        null,
        0,
        null,
        null,
        1,
        25,
        null,
        null,
        1,
        20,
        20,
        20,
        20,
        19,
        19,
        19,
        null,
        1,
        null,
        null,
        null,
        null,
        1,
        null,
        null,
        null,
        null,
        null,
        null,
        null,
        null,
        null,
        1,
        36,
        258,
        258,
        258,
        null,
        258,
        258,
        258,
        null,
        258,
        8,
        250,
        2,
        null,
        null,
        26,
        null,
        null,
        1,
        152,
        null,
        null,
        1,
        14,
        2,
        null,
        12,
        null,
        null,
        1,
        21,
        10,
        null,
        11,
        null,
        null,
        1,
        3,
        3,
        3,
        null,
        null,
        2,
        1,
        null,
        1,
        null,
        null,
        null,
        null,
        1,
        12,
        17,
        null,
        null
      ]
    },
    "timestamp": 1603234970
  }
}
